# JRE version: OpenJDK Runtime Environment Temurin-17.0.12+7 (17.0.12+7) (build 17.0.12+7)
# Java VM: OpenJDK 64-Bit Server VM Temurin-17.0.12+7 (17.0.12+7, mixed mode, sharing, tiered, compressed oops, compressed class ptrs, g1 gc, windows-amd64)
GC Precious Log:
 CPUs: 12 total, 12 available
 Memory: 24300M
 Large Page Support: Disabled
 NUMA Support: Disabled
 Compressed Oops: Enabled (Zero based)
 Heap Region Size: 4M
 Heap Min Capacity: 8M
 Heap Initial Capacity: 380M
 Heap Max Capacity: 6076M
 Pre-touch: Disabled
 Parallel Workers: 10
 Concurrent Workers: 3
 Concurrent Refinement Workers: 10
 Periodic GC: Disabled
Heap:
 garbage-first heap   total 389120K, used 86977K [0x0000000684400000, 0x0000000800000000)
  region size 4096K, 22 young (90112K), 1 survivors (4096K)
 Metaspace       used 14359K, committed 14656K, reserved 1114112K
  class space    used 1524K, committed 1664K, reserved 1048576K
GC Heap History (20 events):
Event: 186.080 GC heap before
{Heap before GC invocations=17 (full 0):
 garbage-first heap   total 389120K, used 234516K [0x0000000684400000, 0x0000000800000000)
  region size 4096K, 57 young (233472K), 1 survivors (4096K)
 Metaspace       used 14357K, committed 14656K, reserved 1114112K
  class space    used 1524K, committed 1664K, reserved 1048576K
}
Event: 186.081 GC heap after
{Heap after GC invocations=18 (full 0):
 garbage-first heap   total 389120K, used 5026K [0x0000000684400000, 0x0000000800000000)
  region size 4096K, 1 young (4096K), 1 survivors (4096K)
 Metaspace       used 14357K, committed 14656K, reserved 1114112K
  class space    used 1524K, committed 1664K, reserved 1048576K
}
Event: 197.902 GC heap before
{Heap before GC invocations=18 (full 0):
 garbage-first heap   total 389120K, used 234402K [0x0000000684400000, 0x0000000800000000)
  region size 4096K, 57 young (233472K), 1 survivors (4096K)
 Metaspace       used 14358K, committed 14656K, reserved 1114112K
  class space    used 1524K, committed 1664K, reserved 1048576K
}
Event: 197.903 GC heap after
{Heap after GC invocations=19 (full 0):
 garbage-first heap   total 389120K, used 5059K [0x0000000684400000, 0x0000000800000000)
  region size 4096K, 1 young (4096K), 1 survivors (4096K)
 Metaspace       used 14358K, committed 14656K, reserved 1114112K
  class space    used 1524K, committed 1664K, reserved 1048576K
}
Event: 209.781 GC heap before
{Heap before GC invocations=19 (full 0):
 garbage-first heap   total 389120K, used 234435K [0x0000000684400000, 0x0000000800000000)
  region size 4096K, 57 young (233472K), 1 survivors (4096K)
 Metaspace       used 14358K, committed 14656K, reserved 1114112K
  class space    used 1524K, committed 1664K, reserved 1048576K
}
Event: 209.782 GC heap after
{Heap after GC invocations=20 (full 0):
 garbage-first heap   total 389120K, used 5053K [0x0000000684400000, 0x0000000800000000)
  region size 4096K, 1 young (4096K), 1 survivors (4096K)
 Metaspace       used 14358K, committed 14656K, reserved 1114112K
  class space    used 1524K, committed 1664K, reserved 1048576K
}
Event: 221.687 GC heap before
{Heap before GC invocations=20 (full 0):
 garbage-first heap   total 389120K, used 234429K [0x0000000684400000, 0x0000000800000000)
  region size 4096K, 57 young (233472K), 1 survivors (4096K)
 Metaspace       used 14358K, committed 14656K, reserved 1114112K
  class space    used 1524K, committed 1664K, reserved 1048576K
}
Event: 221.689 GC heap after
{Heap after GC invocations=21 (full 0):
 garbage-first heap   total 389120K, used 5062K [0x0000000684400000, 0x0000000800000000)
  region size 4096K, 1 young (4096K), 1 survivors (4096K)
 Metaspace       used 14358K, committed 14656K, reserved 1114112K
  class space    used 1524K, committed 1664K, reserved 1048576K
}
Event: 233.551 GC heap before
{Heap before GC invocations=21 (full 0):
 garbage-first heap   total 389120K, used 234438K [0x0000000684400000, 0x0000000800000000)
  region size 4096K, 57 young (233472K), 1 survivors (4096K)
 Metaspace       used 14358K, committed 14656K, reserved 1114112K
  class space    used 1524K, committed 1664K, reserved 1048576K
}
Event: 233.552 GC heap after
{Heap after GC invocations=22 (full 0):
 garbage-first heap   total 389120K, used 5046K [0x0000000684400000, 0x0000000800000000)
  region size 4096K, 1 young (4096K), 1 survivors (4096K)
 Metaspace       used 14358K, committed 14656K, reserved 1114112K
  class space    used 1524K, committed 1664K, reserved 1048576K
}
Event: 245.363 GC heap before
{Heap before GC invocations=22 (full 0):
 garbage-first heap   total 389120K, used 234422K [0x0000000684400000, 0x0000000800000000)
  region size 4096K, 57 young (233472K), 1 survivors (4096K)
 Metaspace       used 14359K, committed 14656K, reserved 1114112K
  class space    used 1524K, committed 1664K, reserved 1048576K
}
Event: 245.364 GC heap after
{Heap after GC invocations=23 (full 0):
 garbage-first heap   total 389120K, used 5039K [0x0000000684400000, 0x0000000800000000)
  region size 4096K, 1 young (4096K), 1 survivors (4096K)
 Metaspace       used 14359K, committed 14656K, reserved 1114112K
  class space    used 1524K, committed 1664K, reserved 1048576K
}
Event: 257.197 GC heap before
{Heap before GC invocations=23 (full 0):
 garbage-first heap   total 389120K, used 234415K [0x0000000684400000, 0x0000000800000000)
  region size 4096K, 57 young (233472K), 1 survivors (4096K)
 Metaspace       used 14359K, committed 14656K, reserved 1114112K
  class space    used 1524K, committed 1664K, reserved 1048576K
}
Event: 257.198 GC heap after
{Heap after GC invocations=24 (full 0):
 garbage-first heap   total 389120K, used 5045K [0x0000000684400000, 0x0000000800000000)
  region size 4096K, 1 young (4096K), 1 survivors (4096K)
 Metaspace       used 14359K, committed 14656K, reserved 1114112K
  class space    used 1524K, committed 1664K, reserved 1048576K
}
Event: 269.079 GC heap before
{Heap before GC invocations=24 (full 0):
 garbage-first heap   total 389120K, used 234421K [0x0000000684400000, 0x0000000800000000)
  region size 4096K, 57 young (233472K), 1 survivors (4096K)
 Metaspace       used 14359K, committed 14656K, reserved 1114112K
  class space    used 1524K, committed 1664K, reserved 1048576K
}
Event: 269.081 GC heap after
{Heap after GC invocations=25 (full 0):
 garbage-first heap   total 389120K, used 5049K [0x0000000684400000, 0x0000000800000000)
  region size 4096K, 1 young (4096K), 1 survivors (4096K)
 Metaspace       used 14359K, committed 14656K, reserved 1114112K
  class space    used 1524K, committed 1664K, reserved 1048576K
}
Event: 280.901 GC heap before
{Heap before GC invocations=25 (full 0):
 garbage-first heap   total 389120K, used 234425K [0x0000000684400000, 0x0000000800000000)
  region size 4096K, 57 young (233472K), 1 survivors (4096K)
 Metaspace       used 14359K, committed 14656K, reserved 1114112K
  class space    used 1524K, committed 1664K, reserved 1048576K
}
Event: 280.902 GC heap after
{Heap after GC invocations=26 (full 0):
 garbage-first heap   total 389120K, used 5059K [0x0000000684400000, 0x0000000800000000)
  region size 4096K, 1 young (4096K), 1 survivors (4096K)
 Metaspace       used 14359K, committed 14656K, reserved 1114112K
  class space    used 1524K, committed 1664K, reserved 1048576K
}
Event: 292.796 GC heap before
{Heap before GC invocations=26 (full 0):
 garbage-first heap   total 389120K, used 234435K [0x0000000684400000, 0x0000000800000000)
  region size 4096K, 57 young (233472K), 1 survivors (4096K)
 Metaspace       used 14359K, committed 14656K, reserved 1114112K
  class space    used 1524K, committed 1664K, reserved 1048576K
}
Event: 292.797 GC heap after
{Heap after GC invocations=27 (full 0):
 garbage-first heap   total 389120K, used 5057K [0x0000000684400000, 0x0000000800000000)
  region size 4096K, 1 young (4096K), 1 survivors (4096K)
 Metaspace       used 14359K, committed 14656K, reserved 1114112K
  class space    used 1524K, committed 1664K, reserved 1048576K
}

